29-Aug-2022 22:09:42.431 INFO [localhost-startStop-1] org.apache.catalina.core.ApplicationContext.log 3 Spring WebApplicationInitializers detected on classpath
29-Aug-2022 22:09:44.517 INFO [localhost-startStop-1] org.apache.catalina.core.ApplicationContext.log Initializing Spring embedded WebApplicationContext
29-Aug-2022 22:09:45.573 INFO [localhost-startStop-1] org.apache.catalina.core.ApplicationContext.log Initializing Spring embedded WebApplicationContext
29-Aug-2022 22:09:49.498 INFO [localhost-startStop-1] org.apache.catalina.core.ApplicationContext.log 2 Spring WebApplicationInitializers detected on classpath
29-Aug-2022 22:09:51.773 INFO [localhost-startStop-1] org.apache.catalina.core.ApplicationContext.log Initializing Spring embedded WebApplicationContext
29-Aug-2022 22:10:02.578 INFO [localhost-startStop-1] org.apache.catalina.core.ApplicationContext.log 3 Spring WebApplicationInitializers detected on classpath
29-Aug-2022 22:10:28.859 INFO [localhost-startStop-1] org.apache.catalina.core.ApplicationContext.log Initializing Spring embedded WebApplicationContext
29-Aug-2022 22:10:29.784 INFO [localhost-startStop-1] org.apache.catalina.core.ApplicationContext.log Initializing Spring embedded WebApplicationContext
29-Aug-2022 22:10:30.212 INFO [localhost-startStop-1] org.apache.catalina.core.ApplicationContext.log ContextListener: contextInitialized()
29-Aug-2022 22:10:30.212 INFO [localhost-startStop-1] org.apache.catalina.core.ApplicationContext.log SessionListener: contextInitialized()
29-Aug-2022 22:10:30.214 INFO [localhost-startStop-1] org.apache.catalina.core.ApplicationContext.log ContextListener: attributeAdded('StockTicker', 'async.Stockticker@6f9a5291')
29-Aug-2022 22:18:53.088 INFO [http-nio-8001-exec-4] org.apache.catalina.core.ApplicationContext.log 2 Spring WebApplicationInitializers detected on classpath
29-Aug-2022 22:18:57.798 INFO [http-nio-8001-exec-4] org.apache.catalina.core.ApplicationContext.log Initializing Spring embedded WebApplicationContext
29-Aug-2022 22:21:47.652 INFO [http-nio-8001-exec-13] org.apache.catalina.core.ApplicationContext.log Closing Spring root WebApplicationContext
29-Aug-2022 22:21:55.119 INFO [http-nio-8001-exec-12] org.apache.catalina.core.ApplicationContext.log 2 Spring WebApplicationInitializers detected on classpath
29-Aug-2022 22:22:01.042 INFO [http-nio-8001-exec-12] org.apache.catalina.core.ApplicationContext.log Initializing Spring embedded WebApplicationContext
29-Aug-2022 22:22:30.852 INFO [http-nio-8001-exec-5] org.apache.catalina.core.ApplicationContext.log Initializing Spring DispatcherServlet 'dispatcherServlet'
29-Aug-2022 22:22:52.524 INFO [http-nio-8001-exec-18] org.apache.catalina.core.ApplicationContext.log Closing Spring root WebApplicationContext
29-Aug-2022 22:22:52.548 INFO [http-nio-8001-exec-18] org.apache.catalina.core.ApplicationContext.log Closing Spring root WebApplicationContext
29-Aug-2022 22:22:57.560 INFO [http-nio-8001-exec-9] org.apache.catalina.core.ApplicationContext.log 3 Spring WebApplicationInitializers detected on classpath
29-Aug-2022 22:23:01.386 INFO [http-nio-8001-exec-9] org.apache.catalina.core.ApplicationContext.log Initializing Spring embedded WebApplicationContext
29-Aug-2022 22:23:03.500 INFO [http-nio-8001-exec-9] org.apache.catalina.core.ApplicationContext.log Initializing Spring embedded WebApplicationContext
29-Aug-2022 22:44:59.394 INFO [localhost-startStop-1] org.apache.catalina.core.ApplicationContext.log 3 Spring WebApplicationInitializers detected on classpath
29-Aug-2022 22:45:01.405 INFO [localhost-startStop-1] org.apache.catalina.core.ApplicationContext.log Initializing Spring embedded WebApplicationContext
29-Aug-2022 22:45:02.785 INFO [localhost-startStop-1] org.apache.catalina.core.ApplicationContext.log Initializing Spring embedded WebApplicationContext
29-Aug-2022 22:45:06.061 INFO [localhost-startStop-1] org.apache.catalina.core.ApplicationContext.log 2 Spring WebApplicationInitializers detected on classpath
29-Aug-2022 22:45:08.425 INFO [localhost-startStop-1] org.apache.catalina.core.ApplicationContext.log Initializing Spring embedded WebApplicationContext
29-Aug-2022 22:45:18.290 INFO [localhost-startStop-1] org.apache.catalina.core.ApplicationContext.log 3 Spring WebApplicationInitializers detected on classpath
29-Aug-2022 22:45:19.966 INFO [localhost-startStop-1] org.apache.catalina.core.ApplicationContext.log Initializing Spring embedded WebApplicationContext
29-Aug-2022 22:45:20.838 INFO [localhost-startStop-1] org.apache.catalina.core.ApplicationContext.log Initializing Spring embedded WebApplicationContext
29-Aug-2022 22:45:21.195 INFO [localhost-startStop-1] org.apache.catalina.core.ApplicationContext.log ContextListener: contextInitialized()
29-Aug-2022 22:45:21.195 INFO [localhost-startStop-1] org.apache.catalina.core.ApplicationContext.log SessionListener: contextInitialized()
29-Aug-2022 22:45:21.196 INFO [localhost-startStop-1] org.apache.catalina.core.ApplicationContext.log ContextListener: attributeAdded('StockTicker', 'async.Stockticker@3385474e')
29-Aug-2022 22:50:23.965 INFO [http-nio-8001-exec-3] org.apache.catalina.core.ApplicationContext.log 2 Spring WebApplicationInitializers detected on classpath
29-Aug-2022 22:50:28.942 INFO [http-nio-8001-exec-3] org.apache.catalina.core.ApplicationContext.log Initializing Spring embedded WebApplicationContext
29-Aug-2022 23:01:43.678 INFO [http-nio-8001-exec-12] org.apache.catalina.core.ApplicationContext.log Initializing Spring DispatcherServlet 'dispatcherServlet'
29-Aug-2022 23:56:36.628 INFO [http-nio-8001-exec-11] org.apache.catalina.core.ApplicationContext.log Destroying Spring FrameworkServlet 'dispatcherServlet'
29-Aug-2022 23:56:36.630 INFO [http-nio-8001-exec-11] org.apache.catalina.core.ApplicationContext.log Closing Spring root WebApplicationContext
29-Aug-2022 23:56:39.259 INFO [http-nio-8001-exec-11] org.apache.catalina.core.ApplicationContext.log 2 Spring WebApplicationInitializers detected on classpath
29-Aug-2022 23:56:42.357 INFO [http-nio-8001-exec-11] org.apache.catalina.core.ApplicationContext.log Initializing Spring embedded WebApplicationContext
